#
# A fatal error has been detected by the Java Runtime Environment:
#
#  EXCEPTION_ACCESS_VIOLATION (0xc0000005) at pc=0x5d696dfe, pid=4144, tid=0x0000227c
#
# JRE version: Java(TM) SE Runtime Environment (8.0_171-b11) (build 1.8.0_171-b11)
# Java VM: Java HotSpot(TM) Client VM (25.171-b11 mixed mode windows-x86 )
# Problematic frame:
# V  [jvm.dll+0xe6dfe]
#
# Failed to write core dump. Minidumps are not enabled by default on client versions of Windows
#
# If you would like to submit a bug report, please visit:
#   http://bugreport.java.com/bugreport/crash.jsp
#

---------------  T H R E A D  ---------------

Current thread (0x26b27800):  JavaThread "EventThread COM3" [_thread_in_vm, id=8828, stack(0x2a250000,0x2a2a0000)]

siginfo: ExceptionCode=0xc0000005, reading address 0x00000000

Registers:
EAX=0x00000000, EBX=0x2545da70, ECX=0x26b27800, EDX=0x0000009f
ESP=0x2a298cec, EBP=0x2a298d08, ESI=0x00000000, EDI=0x26b27800
EIP=0x5d696dfe, EFLAGS=0x00010246

Top of Stack: (sp=0x2a298cec)
0x2a298cec:   2a298d24 26b27940 2545da70 26b27800
0x2a298cfc:   26769004 0000009f 5d8932a0 2a29f9c8
0x2a298d0c:   6400183d 26b27940 00000000 00000000
0x2a298d1c:   00006c60 2a298d24 300a0d30 0d300a0d
0x2a298d2c:   0a0d300a 300a0d30 0d300a0d 0a0d300a
0x2a298d3c:   300a0d30 0d300a0d 0a0d300a 300a0d30
0x2a298d4c:   0d300a0d 0a0d300a 300a0d30 0d300a0d
0x2a298d5c:   0a0d300a 300a0d30 0d300a0d 0a0d300a 

Instructions: (pc=0x5d696dfe)
0x5d696dde:   c4 08 83 7f 04 00 89 7d f0 c7 45 f4 00 00 00 00
0x5d696dee:   74 08 8d 4d f0 e8 58 25 0c 00 8b 75 10 8b 45 0c
0x5d696dfe:   8b 10 85 f6 78 32 8b 45 14 85 c0 78 2b 8d 0c 06
0x5d696e0e:   3b 4a 08 77 23 85 c0 7e 3b 8b 4a 04 8b 49 04 83 


Register to memory mapping:

EAX=0x00000000 is an unknown value
EBX=0x2545da70 is an unknown value
ECX=0x26b27800 is a thread
EDX=0x0000009f is an unknown value
ESP=0x2a298cec is pointing into the stack for thread: 0x26b27800
EBP=0x2a298d08 is pointing into the stack for thread: 0x26b27800
ESI=0x00000000 is an unknown value
EDI=0x26b27800 is a thread


Stack: [0x2a250000,0x2a2a0000],  sp=0x2a298cec,  free space=291k
Native frames: (J=compiled Java code, j=interpreted, Vv=VM code, C=native code)
V  [jvm.dll+0xe6dfe]
C  [jSSC-2.8_x86.dll+0x183d]
J 3430  jssc.SerialNativeInterface.readBytes(JI)[B (0 bytes) @ 0x026b98a5 [0x026b9810+0x95]
J 9745 C1 processing.app.Serial.serialEvent(Ljssc/SerialPortEvent;)V (195 bytes) @ 0x02945174 [0x02945040+0x134]
J 9693 C1 jssc.SerialPort$EventThread.run()V (84 bytes) @ 0x02855fd8 [0x02855e70+0x168]
v  ~StubRoutines::call_stub
V  [jvm.dll+0x15b985]
V  [jvm.dll+0x22262e]
V  [jvm.dll+0x15ba1e]
V  [jvm.dll+0x15bba6]
V  [jvm.dll+0x15bc17]
V  [jvm.dll+0xffb3f]
V  [jvm.dll+0x17eb50]
V  [jvm.dll+0x17f3ca]
V  [jvm.dll+0x1c3fe6]
C  [msvcr100.dll+0x5c556]
C  [msvcr100.dll+0x5c600]
C  [kernel32.dll+0x1343d]
C  [ntdll.dll+0x39802]
C  [ntdll.dll+0x397d5]
C  0x00000000

Java frames: (J=compiled Java code, j=interpreted, Vv=VM code)
J 3430  jssc.SerialNativeInterface.readBytes(JI)[B (0 bytes) @ 0x026b9861 [0x026b9810+0x51]
J 9745 C1 processing.app.Serial.serialEvent(Ljssc/SerialPortEvent;)V (195 bytes) @ 0x02945174 [0x02945040+0x134]
J 9693 C1 jssc.SerialPort$EventThread.run()V (84 bytes) @ 0x02855fd8 [0x02855e70+0x168]
v  ~StubRoutines::call_stub

---------------  P R O C E S S  ---------------

Java Threads: ( => current thread )
=>0x26b27800 JavaThread "EventThread COM3" [_thread_in_vm, id=8828, stack(0x2a250000,0x2a2a0000)]
  0x26b24000 JavaThread "JmDNS(Leo.local.).State.Timer" [_thread_blocked, id=3992, stack(0x28260000,0x282b0000)]
  0x26b25800 JavaThread "JmDNS(Leo.local.).Timer" daemon [_thread_blocked, id=8888, stack(0x27cc0000,0x27d10000)]
  0x26b26000 JavaThread "SocketListener(Leo.local.)" daemon [_thread_blocked, id=9208, stack(0x27b70000,0x27bc0000)]
  0x26b23400 JavaThread "JmDNS(Leo.local.).State.Timer" [_thread_blocked, id=7488, stack(0x27690000,0x276e0000)]
  0x26b23800 JavaThread "JmDNS(Leo.local.).Timer" daemon [_thread_blocked, id=5540, stack(0x27940000,0x27990000)]
  0x26b22c00 JavaThread "SocketListener(Leo.local.)" daemon [_thread_blocked, id=8212, stack(0x26130000,0x26180000)]
  0x26b28400 JavaThread "DestroyJavaVM" [_thread_blocked, id=6084, stack(0x00eb0000,0x00f00000)]
  0x26b26400 JavaThread "TimerQueue" daemon [_thread_blocked, id=8252, stack(0x2a470000,0x2a4c0000)]
  0x26b25400 JavaThread "Batik CleanerThread" daemon [_thread_blocked, id=7628, stack(0x25ed0000,0x25f20000)]
  0x26b24c00 JavaThread "AWT-EventQueue-0" [_thread_blocked, id=7152, stack(0x27ec0000,0x27f10000)]
  0x26b24400 JavaThread "AWT-Shutdown" [_thread_blocked, id=6612, stack(0x25e00000,0x25e50000)]
  0x269e4000 JavaThread "Multihomed mDNS.Timer" daemon [_thread_blocked, id=2536, stack(0x27620000,0x27670000)]
  0x269e5000 JavaThread "cc.arduino.packages.discoverers.serial.SerialBoardsLister" [_thread_blocked, id=1324, stack(0x275c0000,0x27610000)]
  0x259ac800 JavaThread "AWT-Windows" daemon [_thread_in_native, id=8344, stack(0x25f30000,0x25f80000)]
  0x259a9400 JavaThread "Java2D Disposer" daemon [_thread_blocked, id=8240, stack(0x25c60000,0x25cb0000)]
  0x2509e000 JavaThread "Service Thread" daemon [_thread_blocked, id=5400, stack(0x255e0000,0x25630000)]
  0x25075c00 JavaThread "C1 CompilerThread0" daemon [_thread_blocked, id=7916, stack(0x25590000,0x255e0000)]
  0x25074400 JavaThread "Attach Listener" daemon [_thread_blocked, id=6208, stack(0x253f0000,0x25440000)]
  0x25071800 JavaThread "Signal Dispatcher" daemon [_thread_blocked, id=9188, stack(0x24f80000,0x24fd0000)]
  0x25048800 JavaThread "Finalizer" daemon [_thread_blocked, id=5112, stack(0x25230000,0x25280000)]
  0x25022c00 JavaThread "Reference Handler" daemon [_thread_blocked, id=5552, stack(0x24f30000,0x24f80000)]

Other Threads:
  0x2501c800 VMThread [stack: 0x04780000,0x047d0000] [id=6660]
  0x250a7800 WatcherThread [stack: 0x256b0000,0x25700000] [id=6048]

VM state:synchronizing (normal execution)

VM Mutex/Monitor currently owned by a thread:  ([mutex/lock_event])
[0x0028d3a0] Threads_lock - owner thread: 0x2501c800
[0x0028d7b0] Heap_lock - owner thread: 0x26b26000

Heap:
 def new generation   total 157248K, used 157247K [0x04800000, 0x0f2a0000, 0x0f2a0000)
  eden space 139776K,  99% used [0x04800000, 0x0d07fff8, 0x0d080000)
  from space 17472K,  99% used [0x0e190000, 0x0f29fff8, 0x0f2a0000)
  to   space 17472K,   0% used [0x0d080000, 0x0d080000, 0x0e190000)
 tenured generation   total 349568K, used 349568K [0x0f2a0000, 0x24800000, 0x24800000)
   the space 349568K, 100% used [0x0f2a0000, 0x24800000, 0x24800000, 0x24800000)
 Metaspace       used 20099K, capacity 20661K, committed 20864K, reserved 20864K

Card table byte_map: [0x24800000,0x24910000] byte_map_base: 0x247dc000

Polling page: 0x001d0000

CodeCache: size=32768Kb used=3734Kb max_used=4528Kb free=29033Kb
 bounds [0x025a0000, 0x02a10000, 0x045a0000]
 total_blobs=2229 nmethods=1947 adapters=211
 compilation: enabled

Compilation events (10 events):
Event: 14358.557 Thread 0x25075c00 10920             javax.swing.SwingUtilities::getValidateRoot (98 bytes)
Event: 14358.557 Thread 0x25075c00 nmethod 10920 0x026647c8 code [0x02664910, 0x02664b80]
Event: 14358.571 Thread 0x25075c00 10921             java.awt.geom.AffineTransform::equals (92 bytes)
Event: 14358.571 Thread 0x25075c00 nmethod 10921 0x02858ec8 code [0x02858fc0, 0x02859150]
Event: 14358.842 Thread 0x25075c00 10922             sun.font.FileFontStrike::getSlot0GlyphImagePtrs (129 bytes)
Event: 14358.843 Thread 0x25075c00 nmethod 10922 0x02950f48 code [0x02951160, 0x02951bf8]
Event: 14358.845 Thread 0x25075c00 10923             sun.font.CompositeGlyphMapper::charsToGlyphsNS (158 bytes)
Event: 14358.846 Thread 0x25075c00 nmethod 10923 0x026cd688 code [0x026cd7b0, 0x026cda58]
Event: 14377.830 Thread 0x25075c00 10924             javax.jmdns.impl.DNSCache::allValues (54 bytes)
Event: 14377.831 Thread 0x25075c00 nmethod 10924 0x029bb588 code [0x029bb6d0, 0x029bb8f0]

GC Heap History (10 events):
Event: 14376.212 GC heap before
{Heap before GC invocations=860 (full 64):
 def new generation   total 157248K, used 157248K [0x04800000, 0x0f2a0000, 0x0f2a0000)
  eden space 139776K, 100% used [0x04800000, 0x0d080000, 0x0d080000)
  from space 17472K, 100% used [0x0e190000, 0x0f2a0000, 0x0f2a0000)
  to   space 17472K,   0% used [0x0d080000, 0x0d080000, 0x0e190000)
 tenured generation   total 349568K, used 349567K [0x0f2a0000, 0x24800000, 0x24800000)
   the space 349568K,  99% used [0x0f2a0000, 0x247ffff0, 0x24800000, 0x24800000)
 Metaspace       used 20099K, capacity 20661K, committed 20864K, reserved 20864K
Event: 14377.002 GC heap after
Heap after GC invocations=861 (full 65):
 def new generation   total 157248K, used 157181K [0x04800000, 0x0f2a0000, 0x0f2a0000)
  eden space 139776K, 100% used [0x04800000, 0x0d080000, 0x0d080000)
  from space 17472K,  99% used [0x0e190000, 0x0f28f790, 0x0f2a0000)
  to   space 17472K,   0% used [0x0d080000, 0x0d080000, 0x0e190000)
 tenured generation   total 349568K, used 349567K [0x0f2a0000, 0x24800000, 0x24800000)
   the space 349568K,  99% used [0x0f2a0000, 0x247ffff0, 0x24800000, 0x24800000)
 Metaspace       used 20099K, capacity 20661K, committed 20864K, reserved 20864K
}
Event: 14377.003 GC heap before
{Heap before GC invocations=861 (full 65):
 def new generation   total 157248K, used 157247K [0x04800000, 0x0f2a0000, 0x0f2a0000)
  eden space 139776K, 100% used [0x04800000, 0x0d080000, 0x0d080000)
  from space 17472K,  99% used [0x0e190000, 0x0f29fff8, 0x0f2a0000)
  to   space 17472K,   0% used [0x0d080000, 0x0d080000, 0x0e190000)
 tenured generation   total 349568K, used 349567K [0x0f2a0000, 0x24800000, 0x24800000)
   the space 349568K,  99% used [0x0f2a0000, 0x247ffff0, 0x24800000, 0x24800000)
 Metaspace       used 20099K, capacity 20661K, committed 20864K, reserved 20864K
Event: 14377.830 GC heap after
Heap after GC invocations=862 (full 66):
 def new generation   total 157248K, used 157212K [0x04800000, 0x0f2a0000, 0x0f2a0000)
  eden space 139776K, 100% used [0x04800000, 0x0d080000, 0x0d080000)
  from space 17472K,  99% used [0x0e190000, 0x0f297130, 0x0f2a0000)
  to   space 17472K,   0% used [0x0d080000, 0x0d080000, 0x0e190000)
 tenured generation   total 349568K, used 349567K [0x0f2a0000, 0x24800000, 0x24800000)
   the space 349568K,  99% used [0x0f2a0000, 0x247ffff0, 0x24800000, 0x24800000)
 Metaspace       used 20099K, capacity 20661K, committed 20864K, reserved 20864K
}
Event: 14377.831 GC heap before
{Heap before GC invocations=862 (full 66):
 def new generation   total 157248K, used 157247K [0x04800000, 0x0f2a0000, 0x0f2a0000)
  eden space 139776K, 100% used [0x04800000, 0x0d080000, 0x0d080000)
  from space 17472K,  99% used [0x0e190000, 0x0f29fff8, 0x0f2a0000)
  to   space 17472K,   0% used [0x0d080000, 0x0d080000, 0x0e190000)
 tenured generation   total 349568K, used 349567K [0x0f2a0000, 0x24800000, 0x24800000)
   the space 349568K,  99% used [0x0f2a0000, 0x247ffff0, 0x24800000, 0x24800000)
 Metaspace       used 20099K, capacity 20661K, committed 20864K, reserved 20864K
Event: 14378.621 GC heap after
Heap after GC invocations=863 (full 67):
 def new generation   total 157248K, used 157226K [0x04800000, 0x0f2a0000, 0x0f2a0000)
  eden space 139776K, 100% used [0x04800000, 0x0d080000, 0x0d080000)
  from space 17472K,  99% used [0x0e190000, 0x0f29a8f0, 0x0f2a0000)
  to   space 17472K,   0% used [0x0d080000, 0x0d080000, 0x0e190000)
 tenured generation   total 349568K, used 349567K [0x0f2a0000, 0x24800000, 0x24800000)
   the space 349568K,  99% used [0x0f2a0000, 0x247ffff0, 0x24800000, 0x24800000)
 Metaspace       used 20099K, capacity 20661K, committed 20864K, reserved 20864K
}
Event: 14378.621 GC heap before
{Heap before GC invocations=863 (full 67):
 def new generation   total 157248K, used 157227K [0x04800000, 0x0f2a0000, 0x0f2a0000)
  eden space 139776K, 100% used [0x04800000, 0x0d080000, 0x0d080000)
  from space 17472K,  99% used [0x0e190000, 0x0f29ae88, 0x0f2a0000)
  to   space 17472K,   0% used [0x0d080000, 0x0d080000, 0x0e190000)
 tenured generation   total 349568K, used 349567K [0x0f2a0000, 0x24800000, 0x24800000)
   the space 349568K,  99% used [0x0f2a0000, 0x247ffff0, 0x24800000, 0x24800000)
 Metaspace       used 20099K, capacity 20661K, committed 20864K, reserved 20864K
Event: 14379.512 GC heap after
Heap after GC invocations=864 (full 68):
 def new generation   total 157248K, used 157224K [0x04800000, 0x0f2a0000, 0x0f2a0000)
  eden space 139776K, 100% used [0x04800000, 0x0d080000, 0x0d080000)
  from space 17472K,  99% used [0x0e190000, 0x0f29a1a8, 0x0f2a0000)
  to   space 17472K,   0% used [0x0d080000, 0x0d080000, 0x0e190000)
 tenured generation   total 349568K, used 349567K [0x0f2a0000, 0x24800000, 0x24800000)
   the space 349568K,  99% used [0x0f2a0000, 0x247fffd8, 0x24800000, 0x24800000)
 Metaspace       used 20099K, capacity 20661K, committed 20864K, reserved 20864K
}
Event: 14379.512 GC heap before
{Heap before GC invocations=864 (full 68):
 def new generation   total 157248K, used 157224K [0x04800000, 0x0f2a0000, 0x0f2a0000)
  eden space 139776K, 100% used [0x04800000, 0x0d080000, 0x0d080000)
  from space 17472K,  99% used [0x0e190000, 0x0f29a1a8, 0x0f2a0000)
  to   space 17472K,   0% used [0x0d080000, 0x0d080000, 0x0e190000)
 tenured generation   total 349568K, used 349567K [0x0f2a0000, 0x24800000, 0x24800000)
   the space 349568K,  99% used [0x0f2a0000, 0x247fffd8, 0x24800000, 0x24800000)
 Metaspace       used 20099K, capacity 20661K, committed 20864K, reserved 20864K
Event: 14380.415 GC heap after
Heap after GC invocations=865 (full 69):
 def new generation   total 157248K, used 157223K [0x04800000, 0x0f2a0000, 0x0f2a0000)
  eden space 139776K,  99% used [0x04800000, 0x0d07fff8, 0x0d080000)
  from space 17472K,  99% used [0x0e190000, 0x0f299f20, 0x0f2a0000)
  to   space 17472K,   0% used [0x0d080000, 0x0d080000, 0x0e190000)
 tenured generation   total 349568K, used 349568K [0x0f2a0000, 0x24800000, 0x24800000)
   the space 349568K, 100% used [0x0f2a0000, 0x24800000, 0x24800000, 0x24800000)
 Metaspace       used 20099K, capacity 20661K, committed 20864K, reserved 20864K
}

Deoptimization events (0 events):
No events

Classes redefined (0 events):
No events

Internal exceptions (10 events):
Event: 14285.617 Thread 0x26b28000 Exception <a 'sun/nio/fs/WindowsException'> (0x05691938) thrown at [C:\re\workspace\8-2-build-windows-i586-cygwin\jdk8u171\10807\hotspot\src\share\vm\prims\jni.cpp, line 709]
Event: 14285.618 Thread 0x26b28000 Exception <a 'sun/nio/fs/WindowsException'> (0x0569b7b8) thrown at [C:\re\workspace\8-2-build-windows-i586-cygwin\jdk8u171\10807\hotspot\src\share\vm\prims\jni.cpp, line 709]
Event: 14285.618 Thread 0x26b28000 Exception <a 'sun/nio/fs/WindowsException'> (0x0569bea0) thrown at [C:\re\workspace\8-2-build-windows-i586-cygwin\jdk8u171\10807\hotspot\src\share\vm\prims\jni.cpp, line 709]
Event: 14285.618 Thread 0x26b28000 Exception <a 'sun/nio/fs/WindowsException'> (0x056a6288) thrown at [C:\re\workspace\8-2-build-windows-i586-cygwin\jdk8u171\10807\hotspot\src\share\vm\prims\jni.cpp, line 709]
Event: 14285.618 Thread 0x26b28000 Exception <a 'sun/nio/fs/WindowsException'> (0x056a6998) thrown at [C:\re\workspace\8-2-build-windows-i586-cygwin\jdk8u171\10807\hotspot\src\share\vm\prims\jni.cpp, line 709]
Event: 14285.619 Thread 0x26b28000 Exception <a 'sun/nio/fs/WindowsException'> (0x056b1028) thrown at [C:\re\workspace\8-2-build-windows-i586-cygwin\jdk8u171\10807\hotspot\src\share\vm\prims\jni.cpp, line 709]
Event: 14285.619 Thread 0x26b28000 Exception <a 'sun/nio/fs/WindowsException'> (0x056b1720) thrown at [C:\re\workspace\8-2-build-windows-i586-cygwin\jdk8u171\10807\hotspot\src\share\vm\prims\jni.cpp, line 709]
Event: 14285.620 Thread 0x26b28000 Exception <a 'sun/nio/fs/WindowsException'> (0x056bb4d0) thrown at [C:\re\workspace\8-2-build-windows-i586-cygwin\jdk8u171\10807\hotspot\src\share\vm\prims\jni.cpp, line 709]
Event: 14285.620 Thread 0x26b28000 Exception <a 'sun/nio/fs/WindowsException'> (0x056bbbb8) thrown at [C:\re\workspace\8-2-build-windows-i586-cygwin\jdk8u171\10807\hotspot\src\share\vm\prims\jni.cpp, line 709]
Event: 14380.415 Thread 0x26b27800 Exception <a 'java/lang/OutOfMemoryError'> (0x0f348040) thrown at [C:\re\workspace\8-2-build-windows-i586-cygwin\jdk8u171\10807\hotspot\src\share\vm\gc_interface/collectedHeap.inline.hpp, line 159]

Events (10 events):
Event: 14377.831 Thread 0x25075c00 flushing nmethod 0x026ce648
Event: 14377.831 Thread 0x25075c00 flushing nmethod 0x026ce808
Event: 14377.831 Thread 0x25075c00 flushing nmethod 0x026f6648
Event: 14377.831 Thread 0x25075c00 flushing nmethod 0x026f6988
Event: 14377.831 Thread 0x25075c00 flushing nmethod 0x026f6e88
Event: 14377.831 Executing VM operation: GenCollectForAllocation
Event: 14378.621 Executing VM operation: GenCollectForAllocation done
Event: 14378.621 Executing VM operation: GenCollectForAllocation
Event: 14380.415 Executing VM operation: GenCollectForAllocation done
Event: 14380.416 Executing VM operation: GenCollectForAllocation


Dynamic libraries:
0x00fd0000 - 0x01003000 	E:\Program Files (x86)\Arduino\java\bin\javaw.exe
0x77320000 - 0x774a0000 	C:\Windows\SysWOW64\ntdll.dll
0x74bc0000 - 0x74cd0000 	C:\Windows\syswow64\kernel32.dll
0x6a560000 - 0x6a58f000 	C:\Program Files\AVAST Software\Avast\aswhookx.dll
0x75e20000 - 0x75e67000 	C:\Windows\syswow64\KERNELBASE.dll
0x76c30000 - 0x76cd1000 	C:\Windows\syswow64\ADVAPI32.dll
0x76170000 - 0x7621c000 	C:\Windows\syswow64\msvcrt.dll
0x764d0000 - 0x764e9000 	C:\Windows\SysWOW64\sechost.dll
0x76ce0000 - 0x76dd0000 	C:\Windows\syswow64\RPCRT4.dll
0x74a90000 - 0x74af0000 	C:\Windows\syswow64\SspiCli.dll
0x74a80000 - 0x74a8c000 	C:\Windows\syswow64\CRYPTBASE.dll
0x76070000 - 0x76170000 	C:\Windows\syswow64\USER32.dll
0x76df0000 - 0x76e80000 	C:\Windows\syswow64\GDI32.dll
0x76eb0000 - 0x76eba000 	C:\Windows\syswow64\LPK.dll
0x76420000 - 0x764bd000 	C:\Windows\syswow64\USP10.dll
0x69a20000 - 0x69bbe000 	C:\Windows\WinSxS\x86_microsoft.windows.common-controls_6595b64144ccf1df_6.0.7601.23403_none_2b180b30457f196c\COMCTL32.dll
0x76ee0000 - 0x76f37000 	C:\Windows\syswow64\SHLWAPI.dll
0x75e70000 - 0x75ed0000 	C:\Windows\system32\IMM32.DLL
0x74af0000 - 0x74bbd000 	C:\Windows\syswow64\MSCTF.dll
0x711d0000 - 0x7128f000 	E:\Program Files (x86)\Arduino\java\bin\msvcr100.dll
0x5d5b0000 - 0x5d981000 	E:\Program Files (x86)\Arduino\java\bin\client\jvm.dll
0x74490000 - 0x74497000 	C:\Windows\system32\WSOCK32.dll
0x75a10000 - 0x75a45000 	C:\Windows\syswow64\WS2_32.dll
0x762c0000 - 0x762c6000 	C:\Windows\syswow64\NSI.dll
0x73b90000 - 0x73bc2000 	C:\Windows\system32\WINMM.dll
0x73ec0000 - 0x73ec9000 	C:\Windows\system32\VERSION.dll
0x76970000 - 0x76975000 	C:\Windows\syswow64\PSAPI.DLL
0x713a0000 - 0x713d0000 	E:\Program Files (x86)\Arduino\java\bin\splashscreen.dll
0x73bd0000 - 0x73c50000 	C:\Windows\system32\uxtheme.dll
0x71480000 - 0x7148c000 	E:\Program Files (x86)\Arduino\java\bin\verify.dll
0x71340000 - 0x71362000 	E:\Program Files (x86)\Arduino\java\bin\java.dll
0x71380000 - 0x71394000 	E:\Program Files (x86)\Arduino\java\bin\zip.dll
0x75f10000 - 0x7606d000 	C:\Windows\system32\ole32.dll
0x74d20000 - 0x7596c000 	C:\Windows\syswow64\SHELL32.dll
0x75a00000 - 0x75a0b000 	C:\Windows\syswow64\profapi.dll
0x76220000 - 0x762b1000 	C:\Windows\syswow64\OLEAUT32.DLL
0x61940000 - 0x619b2000 	E:\Program Files (x86)\Arduino\lib\listSerialsj.dll
0x76a10000 - 0x76bad000 	C:\Windows\syswow64\SETUPAPI.dll
0x764f0000 - 0x76517000 	C:\Windows\syswow64\CFGMGR32.dll
0x75ef0000 - 0x75f02000 	C:\Windows\syswow64\DEVOBJ.dll
0x71300000 - 0x7131d000 	E:\Program Files (x86)\Arduino\lib\jnidispatch-4.2.2-win32-x86.dll
0x712e0000 - 0x712f5000 	E:\Program Files (x86)\Arduino\java\bin\net.dll
0x72740000 - 0x7277c000 	C:\Windows\system32\mswsock.dll
0x6f330000 - 0x6f336000 	C:\Windows\System32\wship6.dll
0x71470000 - 0x7147f000 	E:\Program Files (x86)\Arduino\java\bin\nio.dll
0x71080000 - 0x711c5000 	E:\Program Files (x86)\Arduino\java\bin\awt.dll
0x73b20000 - 0x73b33000 	C:\Windows\system32\dwmapi.dll
0x71040000 - 0x71079000 	E:\Program Files (x86)\Arduino\java\bin\fontmanager.dll
0x62c20000 - 0x62ce8000 	C:\Windows\system32\opengl32.dll
0x62bf0000 - 0x62c12000 	C:\Windows\system32\GLU32.dll
0x26590000 - 0x26677000 	C:\Windows\system32\DDRAW.dll
0x61880000 - 0x61886000 	C:\Windows\system32\DCIMAN32.dll
0x62bb0000 - 0x62be2000 	E:\Program Files (x86)\Arduino\java\bin\t2k.dll
0x74010000 - 0x7402c000 	C:\Windows\system32\IPHLPAPI.DLL
0x74000000 - 0x74007000 	C:\Windows\system32\WINNSI.DLL
0x6f300000 - 0x6f312000 	C:\Windows\system32\dhcpcsvc.DLL
0x6f2f0000 - 0x6f2fd000 	C:\Windows\system32\dhcpcsvc6.DLL
0x76e80000 - 0x76eaf000 	C:\Windows\syswow64\WINTRUST.dll
0x762f0000 - 0x76412000 	C:\Windows\syswow64\CRYPT32.dll
0x76dd0000 - 0x76ddc000 	C:\Windows\syswow64\MSASN1.dll
0x72730000 - 0x72735000 	C:\Windows\System32\wshtcpip.dll
0x73ef0000 - 0x73f34000 	C:\Windows\system32\DNSAPI.dll
0x6f320000 - 0x6f326000 	C:\Windows\system32\rasadhlp.dll
0x6b920000 - 0x6b958000 	C:\Windows\System32\fwpuclnt.dll
0x62ac0000 - 0x62b29000 	E:\Program Files (x86)\Arduino\msvcp100.dll
0x62a00000 - 0x62abe000 	E:\Program Files (x86)\Arduino\msvcr100.dll
0x25630000 - 0x25662000 	E:\Program Files (x86)\Arduino\lib\AStylej.dll
0x624c0000 - 0x624e4000 	E:\Program Files (x86)\Arduino\java\bin\dcpr.dll
0x75970000 - 0x759f3000 	C:\Windows\syswow64\CLBCatQ.DLL
0x62210000 - 0x62341000 	C:\Windows\system32\WindowsCodecs.dll
0x73e70000 - 0x73ebc000 	C:\Windows\system32\apphelp.dll
0x61690000 - 0x61838000 	C:\PROGRA~2\MICROS~1\Office15\GROOVEEX.DLL
0x621e0000 - 0x62206000 	C:\Windows\system32\ATL100.DLL
0x6ad20000 - 0x6af66000 	C:\Windows\system32\msi.dll
0x5ff50000 - 0x607cd000 	C:\PROGRA~2\MICROS~1\Office15\1033\GrooveIntlResource.dll
0x62160000 - 0x62191000 	C:\Windows\system32\EhStorShell.dll
0x62060000 - 0x62155000 	C:\Windows\system32\PROPSYS.dll
0x61f80000 - 0x61ff0000 	C:\Windows\system32\ntshrui.dll
0x72dc0000 - 0x72dd9000 	C:\Windows\system32\srvcli.dll
0x621d0000 - 0x621db000 	C:\Windows\system32\cscapi.dll
0x621c0000 - 0x621ca000 	C:\Windows\system32\slc.dll
0x738c0000 - 0x738d7000 	C:\Windows\system32\CRYPTSP.dll
0x73880000 - 0x738bb000 	C:\Windows\system32\rsaenh.dll
0x75ed0000 - 0x75ee9000 	C:\Windows\syswow64\USERENV.dll
0x64000000 - 0x6401b000 	E:\Program Files (x86)\Arduino\lib\jSSC-2.8_x86.dll
0x76bb0000 - 0x76c2b000 	C:\Windows\syswow64\COMDLG32.dll
0x6a1b0000 - 0x6a1d1000 	C:\Windows\system32\ntmarta.dll
0x74cd0000 - 0x74d15000 	C:\Windows\syswow64\WLDAP32.dll
0x71400000 - 0x71458000 	C:\Program Files (x86)\Common Files\microsoft shared\ink\tiptsf.dll
0x60ed0000 - 0x61068000 	C:\Windows\system32\NetworkExplorer.dll
0x726b0000 - 0x726be000 	C:\Windows\system32\RpcRtRemote.dll
0x62b50000 - 0x62bac000 	C:\Windows\System32\StructuredQuery.dll
0x71cd0000 - 0x71cd8000 	C:\Windows\System32\Secur32.dll
0x62950000 - 0x6299e000 	C:\Windows\SysWOW64\actxprxy.dll
0x62900000 - 0x6294a000 	C:\Program Files (x86)\Internet Explorer\ieproxy.dll
0x76ec0000 - 0x76ec4000 	C:\Windows\syswow64\api-ms-win-downlevel-shlwapi-l1-1-0.dll
0x71320000 - 0x71324000 	C:\Windows\system32\api-ms-win-downlevel-shlwapi-l2-1-0.dll
0x76ed0000 - 0x76ed5000 	C:\Windows\syswow64\api-ms-win-downlevel-advapi32-l1-1-0.dll
0x62850000 - 0x628f6000 	C:\Windows\system32\SearchFolder.dll
0x713e0000 - 0x713f6000 	C:\Windows\SysWOW64\thumbcache.dll
0x62820000 - 0x6284f000 	C:\Windows\system32\SHDOCVW.dll
0x5d990000 - 0x5e6a1000 	C:\Windows\system32\ieframe.DLL
0x762d0000 - 0x762d4000 	C:\Windows\syswow64\api-ms-win-downlevel-user32-l1-1-0.dll
0x712c0000 - 0x712c4000 	C:\Windows\system32\api-ms-win-downlevel-shell32-l1-1-0.dll
0x76de0000 - 0x76de4000 	C:\Windows\syswow64\api-ms-win-downlevel-version-l1-1-0.dll
0x762e0000 - 0x762e3000 	C:\Windows\syswow64\api-ms-win-downlevel-normaliz-l1-1-0.dll
0x764c0000 - 0x764c3000 	C:\Windows\syswow64\normaliz.DLL
0x75ba0000 - 0x75dd6000 	C:\Windows\syswow64\iertutil.dll
0x73fa0000 - 0x73ff8000 	C:\Windows\system32\WINHTTP.dll
0x73f50000 - 0x73fa0000 	C:\Windows\system32\webio.dll
0x75a50000 - 0x75ba0000 	C:\Windows\syswow64\urlmon.dll
0x75de0000 - 0x75de4000 	C:\Windows\syswow64\api-ms-win-downlevel-ole32-l1-1-0.dll
0x76580000 - 0x76961000 	C:\Windows\syswow64\WININET.dll
0x739d0000 - 0x73abb000 	C:\Windows\system32\dbghelp.dll

VM Arguments:
jvm_args: -Dsun.java2d.d3d=false -Djna.nosys=true -Djna.nounpack=true -Djna.boot.library.name=jnidispatch-4.2.2-win32-x86 -Djna.boot.library.path=E:\Program Files (x86)\Arduino/lib -Djssc.library.path=E:\Program Files (x86)\Arduino/lib -DAPP_DIR=E:\Program Files (x86)\Arduino -Xms128M -Xmx512M 
java_command: processing.app.Base E:\Arduino\INO\20180915_pullup\20180915_pullup.ino
java_class_path (initial): E:\Program Files (x86)\Arduino\lib\apple.jar;E:\Program Files (x86)\Arduino\lib\arduino-core.jar;E:\Program Files (x86)\Arduino\lib\batik-1.8.jar;E:\Program Files (x86)\Arduino\lib\batik-anim-1.8.jar;E:\Program Files (x86)\Arduino\lib\batik-awt-util-1.8.jar;E:\Program Files (x86)\Arduino\lib\batik-bridge-1.8.jar;E:\Program Files (x86)\Arduino\lib\batik-codec-1.8.jar;E:\Program Files (x86)\Arduino\lib\batik-css-1.8.jar;E:\Program Files (x86)\Arduino\lib\batik-dom-1.8.jar;E:\Program Files (x86)\Arduino\lib\batik-ext-1.8.jar;E:\Program Files (x86)\Arduino\lib\batik-gvt-1.8.jar;E:\Program Files (x86)\Arduino\lib\batik-parser-1.8.jar;E:\Program Files (x86)\Arduino\lib\batik-rasterizer-1.8.jar;E:\Program Files (x86)\Arduino\lib\batik-script-1.8.jar;E:\Program Files (x86)\Arduino\lib\batik-squiggle-1.8.jar;E:\Program Files (x86)\Arduino\lib\batik-svg-dom-1.8.jar;E:\Program Files (x86)\Arduino\lib\batik-svgpp-1.8.jar;E:\Program Files (x86)\Arduino\lib\batik-transcoder-1.8.jar;E:\Program Files (x86)\Arduino\lib\batik-util-1.8.jar;E:\Program Files (x86)\Arduino\lib\batik-xml-1.8.jar;E:\Program Files (x86)\Arduino\lib\bcpg-jdk15on-152.jar;E:\Program Files (x86)\Arduino\lib\bcprov-jdk15on-152.jar;E:\Program Files (x86)\Arduino\lib\commons-codec-1.7.jar;E:\Program Files (x86)\Arduino\lib\commons-compress-1.8.jar;E:\Program Files (x86)\Arduino\lib\commons-exec-1.1.jar;E:\Program Files (x86)\Arduino\lib\commons-httpclient-3.1.jar;E:\Program Files (x86)\Arduino\lib\commons-lang3-3.3.2.jar;E:\Program Files (x86)\Arduino\lib\commons-logging-1.0.4.jar;E:\Program Files (x86)\Arduino\lib\commons-net-3.3.jar;E:\Program Files (x86)\Arduino\lib\jackson-annotations-2.9.5.jar;E:\Program Files (x86)\Arduino\lib\jackson-core-2.9.5.jar;E:\Program Files (x86)\Arduino\lib\jackson-databind-2.9.5.jar;E:\Program Files (x86)\Arduino\lib\jackson-module-mrbean-2.9.5.jar;E:\Program Files (x86)\Arduino\lib\java-semver-0.8.0.jar;E:\Program Files (x86)\Arduino\lib\jmdns-3.5.3.j
Launcher Type: SUN_STANDARD

Environment Variables:
JAVA_HOME=C:\Program Files\Java\jdk1.8.0_161
PATH=C:\Windows\system32;C:\Windows;C:\Windows\System32\Wbem;C:\Windows\System32\WindowsPowerShell\v1.0\;C:\Program Files\Intel\WiFi\bin\;C:\Program Files\Common Files\Intel\WirelessCommon\;C:\Program Files\dotnet\;C:\Program Files\Microsoft SQL Server\130\Tools\Binn\;C:\Program Files\nodejs\;C:\Program Files\Git\cmd;;E:\Android\tools;E:\Android\platform-tools;C:\gradle-4.4.1\bin;C:\Program Files (x86)\Microsoft SQL Server\Client SDK\ODBC\110\Tools\Binn\;C:\Program Files (x86)\Microsoft SQL Server\120\Tools\Binn\;C:\Program Files (x86)\Microsoft SQL Server\120\DTS\Binn\;C:\Program Files (x86)\Microsoft SQL Server\120\Tools\Binn\ManagementStudio\;C:\Program Files\Java\jdk1.8.0_161\bin;C:\Program Files (x86)\Microsoft SQL Server\100\Tools\Binn\;e:\Program Files\Microsoft SQL Server\100\Tools\Binn\;e:\Program Files\Microsoft SQL Server\100\DTS\Binn\;C:\Program Files (x86)\dotnet\;E:\Program Files\Microsoft VS Code\bin;C:\Program Files\Intel\WiFi\bin\;C:\Program Files\Common Files\Intel\WirelessCommon\;C:\Users\1\AppData\Roaming\npm;E:\Program Files\Microsoft VS Code\bin;E:\Program Files (x86)\Arduino\java\bin
USERNAME=1
OS=Windows_NT
PROCESSOR_IDENTIFIER=Intel64 Family 6 Model 61 Stepping 4, GenuineIntel



---------------  S Y S T E M  ---------------

OS: Windows 7 , 64 bit Build 7601 (6.1.7601.24231)

CPU:total 4 (initial active 4) (2 cores per cpu, 2 threads per core) family 6 model 61 stepping 4, cmov, cx8, fxsr, mmx, sse, sse2, sse3, ssse3, sse4.1, sse4.2, popcnt, avx, avx2, aes, clmul, erms, 3dnowpref, lzcnt, ht, tsc, tscinvbit, bmi1, bmi2, adx

Memory: 4k page, physical 8307124k(2390780k free), swap 16612352k(10561296k free)

vm_info: Java HotSpot(TM) Client VM (25.171-b11) for windows-x86 JRE (1.8.0_171-b11), built on Mar 28 2018 14:51:22 by "java_re" with MS VC++ 10.0 (VS2010)

time: Sat Sep 15 14:47:29 2018
elapsed time: 14380 seconds (0d 3h 59m 40s)

